2024-03-19T15:15:40.095Z [Modules] Modules initializing
2024-03-19T15:15:40.095Z [Modules] Distribution: remote
2024-03-19T15:15:40.095Z [Modules] Host updates: enabled
2024-03-19T15:15:40.095Z [Modules] Module updates: enabled
2024-03-19T15:15:40.096Z [Modules] Module install path: /home/Raymon/.config/discord/0.0.46/modules
2024-03-19T15:15:40.096Z [Modules] Module installed file path: /home/Raymon/.config/discord/0.0.46/modules/installed.json
2024-03-19T15:15:40.096Z [Modules] Module download path: /home/Raymon/.config/discord/0.0.46/modules/pending
2024-03-19T15:15:40.377Z [Modules] Bootstrapping...
2024-03-19T15:15:40.379Z [Modules] Installing discord_desktop_core@0 from /opt/discord/resources/bootstrap/discord_desktop_core.zip
2024-03-19T15:15:40.386Z [Modules] Failed installing discord_desktop_core@0: Error: ENOENT: no such file or directory, open '/opt/discord/resources/bootstrap/discord_desktop_core.zip'
2024-03-19T15:15:40.387Z [Modules] Installing discord_erlpack@0 from /opt/discord/resources/bootstrap/discord_erlpack.zip
2024-03-19T15:15:40.389Z [Modules] Failed installing discord_erlpack@0: Error: ENOENT: no such file or directory, open '/opt/discord/resources/bootstrap/discord_erlpack.zip'
2024-03-19T15:15:40.389Z [Modules] Installing discord_spellcheck@0 from /opt/discord/resources/bootstrap/discord_spellcheck.zip
2024-03-19T15:15:40.395Z [Modules] Failed installing discord_spellcheck@0: Error: ENOENT: no such file or directory, open '/opt/discord/resources/bootstrap/discord_spellcheck.zip'
2024-03-19T15:15:40.396Z [Modules] Installing discord_utils@0 from /opt/discord/resources/bootstrap/discord_utils.zip
2024-03-19T15:15:40.401Z [Modules] Failed installing discord_utils@0: Error: ENOENT: no such file or directory, open '/opt/discord/resources/bootstrap/discord_utils.zip'
2024-03-19T15:15:40.402Z [Modules] Installing discord_voice@0 from /opt/discord/resources/bootstrap/discord_voice.zip
2024-03-19T15:15:40.406Z [Modules] Failed installing discord_voice@0: Error: ENOENT: no such file or directory, open '/opt/discord/resources/bootstrap/discord_voice.zip'
2024-03-19T15:15:40.407Z [Modules] Finished module installations. [success: 0] [failure: 5]
2024-03-19T15:15:40.408Z [Modules] Checking for host updates.
2024-03-19T15:15:40.812Z [Modules] Host is up to date.
2024-03-19T15:15:40.813Z [Modules] Checking for module updates at https://discord.com/api/modules/stable/versions.json
2024-03-19T15:15:40.955Z [Modules] Module update available: discord_desktop_core@1 [installed: 0]
2024-03-19T15:15:40.955Z [Modules] Module update available: discord_erlpack@1 [installed: 0]
2024-03-19T15:15:40.955Z [Modules] Module update available: discord_spellcheck@1 [installed: 0]
2024-03-19T15:15:40.955Z [Modules] Module update available: discord_utils@1 [installed: 0]
2024-03-19T15:15:40.956Z [Modules] Module update available: discord_voice@1 [installed: 0]
2024-03-19T15:15:40.956Z [Modules] Fetching discord_desktop_core@1 from https://discord.com/api/modules/stable/discord_desktop_core/1
2024-03-19T15:15:40.956Z [Modules] Streaming discord_desktop_core@1 to /home/Raymon/.config/discord/0.0.46/modules/pending/discord_desktop_core-1.zip
2024-03-19T15:15:41.414Z [Modules] Streaming discord_desktop_core@1 to /home/Raymon/.config/discord/0.0.46/modules/pending/discord_desktop_core-1.zip: 1%
2024-03-19T15:15:41.449Z [Modules] Streaming discord_desktop_core@1 to /home/Raymon/.config/discord/0.0.46/modules/pending/discord_desktop_core-1.zip: 2%
2024-03-19T15:15:41.488Z [Modules] Streaming discord_desktop_core@1 to /home/Raymon/.config/discord/0.0.46/modules/pending/discord_desktop_core-1.zip: 4%
2024-03-19T15:15:41.521Z [Modules] Streaming discord_desktop_core@1 to /home/Raymon/.config/discord/0.0.46/modules/pending/discord_desktop_core-1.zip: 6%
2024-03-19T15:15:41.525Z [Modules] Streaming discord_desktop_core@1 to /home/Raymon/.config/discord/0.0.46/modules/pending/discord_desktop_core-1.zip: 7%
2024-03-19T15:15:41.528Z [Modules] Streaming discord_desktop_core@1 to /home/Raymon/.config/discord/0.0.46/modules/pending/discord_desktop_core-1.zip: 8%
2024-03-19T15:15:41.533Z [Modules] Streaming discord_desktop_core@1 to /home/Raymon/.config/discord/0.0.46/modules/pending/discord_desktop_core-1.zip: 11%
2024-03-19T15:15:41.538Z [Modules] Streaming discord_desktop_core@1 to /home/Raymon/.config/discord/0.0.46/modules/pending/discord_desktop_core-1.zip: 12%
2024-03-19T15:15:41.564Z [Modules] Streaming discord_desktop_core@1 to /home/Raymon/.config/discord/0.0.46/modules/pending/discord_desktop_core-1.zip: 14%
2024-03-19T15:15:41.568Z [Modules] Streaming discord_desktop_core@1 to /home/Raymon/.config/discord/0.0.46/modules/pending/discord_desktop_core-1.zip: 15%
2024-03-19T15:15:41.571Z [Modules] Streaming discord_desktop_core@1 to /home/Raymon/.config/discord/0.0.46/modules/pending/discord_desktop_core-1.zip: 17%
2024-03-19T15:15:41.574Z [Modules] Streaming discord_desktop_core@1 to /home/Raymon/.config/discord/0.0.46/modules/pending/discord_desktop_core-1.zip: 18%
2024-03-19T15:15:41.576Z [Modules] Streaming discord_desktop_core@1 to /home/Raymon/.config/discord/0.0.46/modules/pending/discord_desktop_core-1.zip: 20%
2024-03-19T15:15:41.580Z [Modules] Streaming discord_desktop_core@1 to /home/Raymon/.config/discord/0.0.46/modules/pending/discord_desktop_core-1.zip: 21%
2024-03-19T15:15:41.585Z [Modules] Streaming discord_desktop_core@1 to /home/Raymon/.config/discord/0.0.46/modules/pending/discord_desktop_core-1.zip: 22%
2024-03-19T15:15:41.586Z [Modules] Streaming discord_desktop_core@1 to /home/Raymon/.config/discord/0.0.46/modules/pending/discord_desktop_core-1.zip: 24%
2024-03-19T15:15:41.587Z [Modules] Streaming discord_desktop_core@1 to /home/Raymon/.config/discord/0.0.46/modules/pending/discord_desktop_core-1.zip: 25%
2024-03-19T15:15:41.590Z [Modules] Streaming discord_desktop_core@1 to /home/Raymon/.config/discord/0.0.46/modules/pending/discord_desktop_core-1.zip: 27%
2024-03-19T15:15:41.595Z [Modules] Streaming discord_desktop_core@1 to /home/Raymon/.config/discord/0.0.46/modules/pending/discord_desktop_core-1.zip: 30%
2024-03-19T15:15:41.599Z [Modules] Streaming discord_desktop_core@1 to /home/Raymon/.config/discord/0.0.46/modules/pending/discord_desktop_core-1.zip: 31%
2024-03-19T15:15:41.604Z [Modules] Streaming discord_desktop_core@1 to /home/Raymon/.config/discord/0.0.46/modules/pending/discord_desktop_core-1.zip: 34%
2024-03-19T15:15:41.607Z [Modules] Streaming discord_desktop_core@1 to /home/Raymon/.config/discord/0.0.46/modules/pending/discord_desktop_core-1.zip: 35%
2024-03-19T15:15:41.610Z [Modules] Streaming discord_desktop_core@1 to /home/Raymon/.config/discord/0.0.46/modules/pending/discord_desktop_core-1.zip: 37%
2024-03-19T15:15:41.616Z [Modules] Streaming discord_desktop_core@1 to /home/Raymon/.config/discord/0.0.46/modules/pending/discord_desktop_core-1.zip: 39%
2024-03-19T15:15:41.619Z [Modules] Streaming discord_desktop_core@1 to /home/Raymon/.config/discord/0.0.46/modules/pending/discord_desktop_core-1.zip: 40%
2024-03-19T15:15:41.621Z [Modules] Streaming discord_desktop_core@1 to /home/Raymon/.config/discord/0.0.46/modules/pending/discord_desktop_core-1.zip: 42%
2024-03-19T15:15:41.623Z [Modules] Streaming discord_desktop_core@1 to /home/Raymon/.config/discord/0.0.46/modules/pending/discord_desktop_core-1.zip: 43%
2024-03-19T15:15:41.626Z [Modules] Streaming discord_desktop_core@1 to /home/Raymon/.config/discord/0.0.46/modules/pending/discord_desktop_core-1.zip: 45%
2024-03-19T15:15:41.628Z [Modules] Streaming discord_desktop_core@1 to /home/Raymon/.config/discord/0.0.46/modules/pending/discord_desktop_core-1.zip: 46%
2024-03-19T15:15:41.632Z [Modules] Streaming discord_desktop_core@1 to /home/Raymon/.config/discord/0.0.46/modules/pending/discord_desktop_core-1.zip: 48%
2024-03-19T15:15:41.634Z [Modules] Streaming discord_desktop_core@1 to /home/Raymon/.config/discord/0.0.46/modules/pending/discord_desktop_core-1.zip: 49%
2024-03-19T15:15:41.638Z [Modules] Streaming discord_desktop_core@1 to /home/Raymon/.config/discord/0.0.46/modules/pending/discord_desktop_core-1.zip: 50%
2024-03-19T15:15:41.639Z [Modules] Streaming discord_desktop_core@1 to /home/Raymon/.config/discord/0.0.46/modules/pending/discord_desktop_core-1.zip: 51%
2024-03-19T15:15:41.645Z [Modules] Streaming discord_desktop_core@1 to /home/Raymon/.config/discord/0.0.46/modules/pending/discord_desktop_core-1.zip: 54%
2024-03-19T15:15:41.652Z [Modules] Streaming discord_desktop_core@1 to /home/Raymon/.config/discord/0.0.46/modules/pending/discord_desktop_core-1.zip: 55%
2024-03-19T15:15:41.657Z [Modules] Streaming discord_desktop_core@1 to /home/Raymon/.config/discord/0.0.46/modules/pending/discord_desktop_core-1.zip: 58%
2024-03-19T15:15:41.661Z [Modules] Streaming discord_desktop_core@1 to /home/Raymon/.config/discord/0.0.46/modules/pending/discord_desktop_core-1.zip: 60%
2024-03-19T15:15:41.663Z [Modules] Streaming discord_desktop_core@1 to /home/Raymon/.config/discord/0.0.46/modules/pending/discord_desktop_core-1.zip: 61%
2024-03-19T15:15:41.665Z [Modules] Streaming discord_desktop_core@1 to /home/Raymon/.config/discord/0.0.46/modules/pending/discord_desktop_core-1.zip: 62%
2024-03-19T15:15:41.669Z [Modules] Streaming discord_desktop_core@1 to /home/Raymon/.config/discord/0.0.46/modules/pending/discord_desktop_core-1.zip: 64%
2024-03-19T15:15:41.671Z [Modules] Streaming discord_desktop_core@1 to /home/Raymon/.config/discord/0.0.46/modules/pending/discord_desktop_core-1.zip: 66%
2024-03-19T15:15:41.673Z [Modules] Streaming discord_desktop_core@1 to /home/Raymon/.config/discord/0.0.46/modules/pending/discord_desktop_core-1.zip: 67%
2024-03-19T15:15:41.677Z [Modules] Streaming discord_desktop_core@1 to /home/Raymon/.config/discord/0.0.46/modules/pending/discord_desktop_core-1.zip: 68%
2024-03-19T15:15:41.679Z [Modules] Streaming discord_desktop_core@1 to /home/Raymon/.config/discord/0.0.46/modules/pending/discord_desktop_core-1.zip: 70%
2024-03-19T15:15:41.682Z [Modules] Streaming discord_desktop_core@1 to /home/Raymon/.config/discord/0.0.46/modules/pending/discord_desktop_core-1.zip: 71%
2024-03-19T15:15:41.685Z [Modules] Streaming discord_desktop_core@1 to /home/Raymon/.config/discord/0.0.46/modules/pending/discord_desktop_core-1.zip: 73%
2024-03-19T15:15:41.687Z [Modules] Streaming discord_desktop_core@1 to /home/Raymon/.config/discord/0.0.46/modules/pending/discord_desktop_core-1.zip: 74%
2024-03-19T15:15:41.690Z [Modules] Streaming discord_desktop_core@1 to /home/Raymon/.config/discord/0.0.46/modules/pending/discord_desktop_core-1.zip: 76%
2024-03-19T15:15:41.696Z [Modules] Streaming discord_desktop_core@1 to /home/Raymon/.config/discord/0.0.46/modules/pending/discord_desktop_core-1.zip: 77%
2024-03-19T15:15:41.698Z [Modules] Streaming discord_desktop_core@1 to /home/Raymon/.config/discord/0.0.46/modules/pending/discord_desktop_core-1.zip: 79%
2024-03-19T15:15:41.704Z [Modules] Streaming discord_desktop_core@1 to /home/Raymon/.config/discord/0.0.46/modules/pending/discord_desktop_core-1.zip: 81%
2024-03-19T15:15:41.706Z [Modules] Streaming discord_desktop_core@1 to /home/Raymon/.config/discord/0.0.46/modules/pending/discord_desktop_core-1.zip: 83%
2024-03-19T15:15:41.709Z [Modules] Streaming discord_desktop_core@1 to /home/Raymon/.config/discord/0.0.46/modules/pending/discord_desktop_core-1.zip: 84%
2024-03-19T15:15:41.711Z [Modules] Streaming discord_desktop_core@1 to /home/Raymon/.config/discord/0.0.46/modules/pending/discord_desktop_core-1.zip: 86%
2024-03-19T15:15:41.713Z [Modules] Streaming discord_desktop_core@1 to /home/Raymon/.config/discord/0.0.46/modules/pending/discord_desktop_core-1.zip: 87%
2024-03-19T15:15:41.716Z [Modules] Streaming discord_desktop_core@1 to /home/Raymon/.config/discord/0.0.46/modules/pending/discord_desktop_core-1.zip: 88%
2024-03-19T15:15:41.718Z [Modules] Streaming discord_desktop_core@1 to /home/Raymon/.config/discord/0.0.46/modules/pending/discord_desktop_core-1.zip: 90%
2024-03-19T15:15:41.720Z [Modules] Streaming discord_desktop_core@1 to /home/Raymon/.config/discord/0.0.46/modules/pending/discord_desktop_core-1.zip: 91%
2024-03-19T15:15:41.722Z [Modules] Streaming discord_desktop_core@1 to /home/Raymon/.config/discord/0.0.46/modules/pending/discord_desktop_core-1.zip: 93%
2024-03-19T15:15:41.725Z [Modules] Streaming discord_desktop_core@1 to /home/Raymon/.config/discord/0.0.46/modules/pending/discord_desktop_core-1.zip: 94%
2024-03-19T15:15:41.727Z [Modules] Streaming discord_desktop_core@1 to /home/Raymon/.config/discord/0.0.46/modules/pending/discord_desktop_core-1.zip: 95%
2024-03-19T15:15:41.728Z [Modules] Streaming discord_desktop_core@1 to /home/Raymon/.config/discord/0.0.46/modules/pending/discord_desktop_core-1.zip: 96%
2024-03-19T15:15:41.734Z [Modules] Streaming discord_desktop_core@1 to /home/Raymon/.config/discord/0.0.46/modules/pending/discord_desktop_core-1.zip: 99%
2024-03-19T15:15:41.735Z [Modules] Streaming discord_desktop_core@1 to /home/Raymon/.config/discord/0.0.46/modules/pending/discord_desktop_core-1.zip: 100%
2024-03-19T15:15:41.738Z [Modules] Fetching discord_erlpack@1 from https://discord.com/api/modules/stable/discord_erlpack/1
2024-03-19T15:15:41.738Z [Modules] Streaming discord_erlpack@1 to /home/Raymon/.config/discord/0.0.46/modules/pending/discord_erlpack-1.zip
2024-03-19T15:15:41.993Z [Modules] Streaming discord_erlpack@1 to /home/Raymon/.config/discord/0.0.46/modules/pending/discord_erlpack-1.zip: 2%
2024-03-19T15:15:41.997Z [Modules] Streaming discord_erlpack@1 to /home/Raymon/.config/discord/0.0.46/modules/pending/discord_erlpack-1.zip: 5%
2024-03-19T15:15:42.002Z [Modules] Streaming discord_erlpack@1 to /home/Raymon/.config/discord/0.0.46/modules/pending/discord_erlpack-1.zip: 8%
2024-03-19T15:15:42.008Z [Modules] Streaming discord_erlpack@1 to /home/Raymon/.config/discord/0.0.46/modules/pending/discord_erlpack-1.zip: 11%
2024-03-19T15:15:42.011Z [Modules] Streaming discord_erlpack@1 to /home/Raymon/.config/discord/0.0.46/modules/pending/discord_erlpack-1.zip: 12%
2024-03-19T15:15:42.013Z [Modules] Streaming discord_erlpack@1 to /home/Raymon/.config/discord/0.0.46/modules/pending/discord_erlpack-1.zip: 14%
2024-03-19T15:15:42.017Z [Modules] Streaming discord_erlpack@1 to /home/Raymon/.config/discord/0.0.46/modules/pending/discord_erlpack-1.zip: 16%
2024-03-19T15:15:42.021Z [Modules] Streaming discord_erlpack@1 to /home/Raymon/.config/discord/0.0.46/modules/pending/discord_erlpack-1.zip: 19%
2024-03-19T15:15:42.024Z [Modules] Streaming discord_erlpack@1 to /home/Raymon/.config/discord/0.0.46/modules/pending/discord_erlpack-1.zip: 21%
2024-03-19T15:15:42.026Z [Modules] Streaming discord_erlpack@1 to /home/Raymon/.config/discord/0.0.46/modules/pending/discord_erlpack-1.zip: 22%
2024-03-19T15:15:42.029Z [Modules] Streaming discord_erlpack@1 to /home/Raymon/.config/discord/0.0.46/modules/pending/discord_erlpack-1.zip: 24%
2024-03-19T15:15:42.032Z [Modules] Streaming discord_erlpack@1 to /home/Raymon/.config/discord/0.0.46/modules/pending/discord_erlpack-1.zip: 26%
2024-03-19T15:15:42.035Z [Modules] Streaming discord_erlpack@1 to /home/Raymon/.config/discord/0.0.46/modules/pending/discord_erlpack-1.zip: 28%
2024-03-19T15:15:42.038Z [Modules] Streaming discord_erlpack@1 to /home/Raymon/.config/discord/0.0.46/modules/pending/discord_erlpack-1.zip: 29%
2024-03-19T15:15:42.043Z [Modules] Streaming discord_erlpack@1 to /home/Raymon/.config/discord/0.0.46/modules/pending/discord_erlpack-1.zip: 32%
2024-03-19T15:15:42.046Z [Modules] Streaming discord_erlpack@1 to /home/Raymon/.config/discord/0.0.46/modules/pending/discord_erlpack-1.zip: 34%
2024-03-19T15:15:42.053Z [Modules] Streaming discord_erlpack@1 to /home/Raymon/.config/discord/0.0.46/modules/pending/discord_erlpack-1.zip: 37%
2024-03-19T15:15:42.056Z [Modules] Streaming discord_erlpack@1 to /home/Raymon/.config/discord/0.0.46/modules/pending/discord_erlpack-1.zip: 38%
2024-03-19T15:15:42.058Z [Modules] Streaming discord_erlpack@1 to /home/Raymon/.config/discord/0.0.46/modules/pending/discord_erlpack-1.zip: 39%
2024-03-19T15:15:42.067Z [Modules] Streaming discord_erlpack@1 to /home/Raymon/.config/discord/0.0.46/modules/pending/discord_erlpack-1.zip: 42%
2024-03-19T15:15:42.073Z [Modules] Streaming discord_erlpack@1 to /home/Raymon/.config/discord/0.0.46/modules/pending/discord_erlpack-1.zip: 45%
2024-03-19T15:15:42.076Z [Modules] Streaming discord_erlpack@1 to /home/Raymon/.config/discord/0.0.46/modules/pending/discord_erlpack-1.zip: 46%
2024-03-19T15:15:42.078Z [Modules] Streaming discord_erlpack@1 to /home/Raymon/.config/discord/0.0.46/modules/pending/discord_erlpack-1.zip: 47%
2024-03-19T15:15:42.082Z [Modules] Streaming discord_erlpack@1 to /home/Raymon/.config/discord/0.0.46/modules/pending/discord_erlpack-1.zip: 50%
2024-03-19T15:15:42.087Z [Modules] Streaming discord_erlpack@1 to /home/Raymon/.config/discord/0.0.46/modules/pending/discord_erlpack-1.zip: 51%
2024-03-19T15:15:42.093Z [Modules] Streaming discord_erlpack@1 to /home/Raymon/.config/discord/0.0.46/modules/pending/discord_erlpack-1.zip: 53%
2024-03-19T15:15:42.095Z [Modules] Streaming discord_erlpack@1 to /home/Raymon/.config/discord/0.0.46/modules/pending/discord_erlpack-1.zip: 57%
2024-03-19T15:15:42.102Z [Modules] Streaming discord_erlpack@1 to /home/Raymon/.config/discord/0.0.46/modules/pending/discord_erlpack-1.zip: 58%
2024-03-19T15:15:42.108Z [Modules] Streaming discord_erlpack@1 to /home/Raymon/.config/discord/0.0.46/modules/pending/discord_erlpack-1.zip: 59%
2024-03-19T15:15:42.113Z [Modules] Streaming discord_erlpack@1 to /home/Raymon/.config/discord/0.0.46/modules/pending/discord_erlpack-1.zip: 63%
2024-03-19T15:15:42.119Z [Modules] Streaming discord_erlpack@1 to /home/Raymon/.config/discord/0.0.46/modules/pending/discord_erlpack-1.zip: 65%
2024-03-19T15:15:42.122Z [Modules] Streaming discord_erlpack@1 to /home/Raymon/.config/discord/0.0.46/modules/pending/discord_erlpack-1.zip: 66%
2024-03-19T15:15:42.171Z [Modules] Streaming discord_erlpack@1 to /home/Raymon/.config/discord/0.0.46/modules/pending/discord_erlpack-1.zip: 69%
2024-03-19T15:15:42.176Z [Modules] Streaming discord_erlpack@1 to /home/Raymon/.config/discord/0.0.46/modules/pending/discord_erlpack-1.zip: 70%
2024-03-19T15:15:42.179Z [Modules] Streaming discord_erlpack@1 to /home/Raymon/.config/discord/0.0.46/modules/pending/discord_erlpack-1.zip: 74%
2024-03-19T15:15:42.180Z [Modules] Streaming discord_erlpack@1 to /home/Raymon/.config/discord/0.0.46/modules/pending/discord_erlpack-1.zip: 78%
2024-03-19T15:15:42.183Z [Modules] Streaming discord_erlpack@1 to /home/Raymon/.config/discord/0.0.46/modules/pending/discord_erlpack-1.zip: 89%
2024-03-19T15:15:42.202Z [Modules] Streaming discord_erlpack@1 to /home/Raymon/.config/discord/0.0.46/modules/pending/discord_erlpack-1.zip: 91%
2024-03-19T15:15:42.205Z [Modules] Streaming discord_erlpack@1 to /home/Raymon/.config/discord/0.0.46/modules/pending/discord_erlpack-1.zip: 92%
2024-03-19T15:15:42.208Z [Modules] Streaming discord_erlpack@1 to /home/Raymon/.config/discord/0.0.46/modules/pending/discord_erlpack-1.zip: 94%
2024-03-19T15:15:42.210Z [Modules] Streaming discord_erlpack@1 to /home/Raymon/.config/discord/0.0.46/modules/pending/discord_erlpack-1.zip: 98%
2024-03-19T15:15:42.212Z [Modules] Streaming discord_erlpack@1 to /home/Raymon/.config/discord/0.0.46/modules/pending/discord_erlpack-1.zip: 100%
2024-03-19T15:15:42.214Z [Modules] Fetching discord_spellcheck@1 from https://discord.com/api/modules/stable/discord_spellcheck/1
2024-03-19T15:15:42.214Z [Modules] Streaming discord_spellcheck@1 to /home/Raymon/.config/discord/0.0.46/modules/pending/discord_spellcheck-1.zip
2024-03-19T15:15:42.458Z [Modules] Streaming discord_spellcheck@1 to /home/Raymon/.config/discord/0.0.46/modules/pending/discord_spellcheck-1.zip: 1%
2024-03-19T15:15:42.467Z [Modules] Streaming discord_spellcheck@1 to /home/Raymon/.config/discord/0.0.46/modules/pending/discord_spellcheck-1.zip: 2%
2024-03-19T15:15:42.479Z [Modules] Streaming discord_spellcheck@1 to /home/Raymon/.config/discord/0.0.46/modules/pending/discord_spellcheck-1.zip: 3%
2024-03-19T15:15:42.493Z [Modules] Streaming discord_spellcheck@1 to /home/Raymon/.config/discord/0.0.46/modules/pending/discord_spellcheck-1.zip: 4%
2024-03-19T15:15:42.496Z [Modules] Streaming discord_spellcheck@1 to /home/Raymon/.config/discord/0.0.46/modules/pending/discord_spellcheck-1.zip: 5%
2024-03-19T15:15:42.506Z [Modules] Streaming discord_spellcheck@1 to /home/Raymon/.config/discord/0.0.46/modules/pending/discord_spellcheck-1.zip: 6%
2024-03-19T15:15:42.514Z [Modules] Streaming discord_spellcheck@1 to /home/Raymon/.config/discord/0.0.46/modules/pending/discord_spellcheck-1.zip: 7%
2024-03-19T15:15:42.523Z [Modules] Streaming discord_spellcheck@1 to /home/Raymon/.config/discord/0.0.46/modules/pending/discord_spellcheck-1.zip: 8%
2024-03-19T15:15:42.531Z [Modules] Streaming discord_spellcheck@1 to /home/Raymon/.config/discord/0.0.46/modules/pending/discord_spellcheck-1.zip: 9%
2024-03-19T15:15:42.542Z [Modules] Streaming discord_spellcheck@1 to /home/Raymon/.config/discord/0.0.46/modules/pending/discord_spellcheck-1.zip: 10%
2024-03-19T15:15:42.551Z [Modules] Streaming discord_spellcheck@1 to /home/Raymon/.config/discord/0.0.46/modules/pending/discord_spellcheck-1.zip: 11%
2024-03-19T15:15:42.678Z [Modules] Streaming discord_spellcheck@1 to /home/Raymon/.config/discord/0.0.46/modules/pending/discord_spellcheck-1.zip: 12%
2024-03-19T15:15:42.686Z [Modules] Streaming discord_spellcheck@1 to /home/Raymon/.config/discord/0.0.46/modules/pending/discord_spellcheck-1.zip: 13%
2024-03-19T15:15:42.689Z [Modules] Streaming discord_spellcheck@1 to /home/Raymon/.config/discord/0.0.46/modules/pending/discord_spellcheck-1.zip: 14%
2024-03-19T15:15:42.691Z [Modules] Streaming discord_spellcheck@1 to /home/Raymon/.config/discord/0.0.46/modules/pending/discord_spellcheck-1.zip: 15%
2024-03-19T15:15:42.693Z [Modules] Streaming discord_spellcheck@1 to /home/Raymon/.config/discord/0.0.46/modules/pending/discord_spellcheck-1.zip: 17%
2024-03-19T15:15:42.696Z [Modules] Streaming discord_spellcheck@1 to /home/Raymon/.config/discord/0.0.46/modules/pending/discord_spellcheck-1.zip: 20%
2024-03-19T15:15:42.698Z [Modules] Streaming discord_spellcheck@1 to /home/Raymon/.config/discord/0.0.46/modules/pending/discord_spellcheck-1.zip: 25%
2024-03-19T15:15:42.703Z [Modules] Streaming discord_spellcheck@1 to /home/Raymon/.config/discord/0.0.46/modules/pending/discord_spellcheck-1.zip: 26%
2024-03-19T15:15:42.711Z [Modules] Streaming discord_spellcheck@1 to /home/Raymon/.config/discord/0.0.46/modules/pending/discord_spellcheck-1.zip: 27%
2024-03-19T15:15:42.723Z [Modules] Streaming discord_spellcheck@1 to /home/Raymon/.config/discord/0.0.46/modules/pending/discord_spellcheck-1.zip: 28%
2024-03-19T15:15:42.736Z [Modules] Streaming discord_spellcheck@1 to /home/Raymon/.config/discord/0.0.46/modules/pending/discord_spellcheck-1.zip: 29%
2024-03-19T15:15:42.744Z [Modules] Streaming discord_spellcheck@1 to /home/Raymon/.config/discord/0.0.46/modules/pending/discord_spellcheck-1.zip: 30%
2024-03-19T15:15:42.754Z [Modules] Streaming discord_spellcheck@1 to /home/Raymon/.config/discord/0.0.46/modules/pending/discord_spellcheck-1.zip: 31%
2024-03-19T15:15:42.762Z [Modules] Streaming discord_spellcheck@1 to /home/Raymon/.config/discord/0.0.46/modules/pending/discord_spellcheck-1.zip: 32%
2024-03-19T15:15:42.773Z [Modules] Streaming discord_spellcheck@1 to /home/Raymon/.config/discord/0.0.46/modules/pending/discord_spellcheck-1.zip: 33%
2024-03-19T15:15:42.782Z [Modules] Streaming discord_spellcheck@1 to /home/Raymon/.config/discord/0.0.46/modules/pending/discord_spellcheck-1.zip: 34%
2024-03-19T15:15:42.796Z [Modules] Streaming discord_spellcheck@1 to /home/Raymon/.config/discord/0.0.46/modules/pending/discord_spellcheck-1.zip: 35%
2024-03-19T15:15:42.806Z [Modules] Streaming discord_spellcheck@1 to /home/Raymon/.config/discord/0.0.46/modules/pending/discord_spellcheck-1.zip: 36%
2024-03-19T15:15:42.815Z [Modules] Streaming discord_spellcheck@1 to /home/Raymon/.config/discord/0.0.46/modules/pending/discord_spellcheck-1.zip: 37%
2024-03-19T15:15:42.822Z [Modules] Streaming discord_spellcheck@1 to /home/Raymon/.config/discord/0.0.46/modules/pending/discord_spellcheck-1.zip: 38%
2024-03-19T15:15:42.831Z [Modules] Streaming discord_spellcheck@1 to /home/Raymon/.config/discord/0.0.46/modules/pending/discord_spellcheck-1.zip: 39%
2024-03-19T15:15:42.842Z [Modules] Streaming discord_spellcheck@1 to /home/Raymon/.config/discord/0.0.46/modules/pending/discord_spellcheck-1.zip: 40%
2024-03-19T15:15:42.967Z [Modules] Streaming discord_spellcheck@1 to /home/Raymon/.config/discord/0.0.46/modules/pending/discord_spellcheck-1.zip: 41%
2024-03-19T15:15:42.972Z [Modules] Streaming discord_spellcheck@1 to /home/Raymon/.config/discord/0.0.46/modules/pending/discord_spellcheck-1.zip: 42%
2024-03-19T15:15:42.978Z [Modules] Streaming discord_spellcheck@1 to /home/Raymon/.config/discord/0.0.46/modules/pending/discord_spellcheck-1.zip: 43%
2024-03-19T15:15:42.979Z [Modules] Streaming discord_spellcheck@1 to /home/Raymon/.config/discord/0.0.46/modules/pending/discord_spellcheck-1.zip: 44%
2024-03-19T15:15:42.987Z [Modules] Streaming discord_spellcheck@1 to /home/Raymon/.config/discord/0.0.46/modules/pending/discord_spellcheck-1.zip: 45%
2024-03-19T15:15:42.993Z [Modules] Streaming discord_spellcheck@1 to /home/Raymon/.config/discord/0.0.46/modules/pending/discord_spellcheck-1.zip: 49%
2024-03-19T15:15:42.997Z [Modules] Streaming discord_spellcheck@1 to /home/Raymon/.config/discord/0.0.46/modules/pending/discord_spellcheck-1.zip: 55%
2024-03-19T15:15:43.005Z [Modules] Streaming discord_spellcheck@1 to /home/Raymon/.config/discord/0.0.46/modules/pending/discord_spellcheck-1.zip: 56%
2024-03-19T15:15:43.015Z [Modules] Streaming discord_spellcheck@1 to /home/Raymon/.config/discord/0.0.46/modules/pending/discord_spellcheck-1.zip: 57%
2024-03-19T15:15:43.026Z [Modules] Streaming discord_spellcheck@1 to /home/Raymon/.config/discord/0.0.46/modules/pending/discord_spellcheck-1.zip: 58%
2024-03-19T15:15:43.039Z [Modules] Streaming discord_spellcheck@1 to /home/Raymon/.config/discord/0.0.46/modules/pending/discord_spellcheck-1.zip: 59%
2024-03-19T15:15:43.051Z [Modules] Streaming discord_spellcheck@1 to /home/Raymon/.config/discord/0.0.46/modules/pending/discord_spellcheck-1.zip: 60%
2024-03-19T15:15:43.061Z [Modules] Streaming discord_spellcheck@1 to /home/Raymon/.config/discord/0.0.46/modules/pending/discord_spellcheck-1.zip: 61%
2024-03-19T15:15:43.068Z [Modules] Streaming discord_spellcheck@1 to /home/Raymon/.config/discord/0.0.46/modules/pending/discord_spellcheck-1.zip: 62%
2024-03-19T15:15:43.081Z [Modules] Streaming discord_spellcheck@1 to /home/Raymon/.config/discord/0.0.46/modules/pending/discord_spellcheck-1.zip: 63%
2024-03-19T15:15:43.108Z [Modules] Streaming discord_spellcheck@1 to /home/Raymon/.config/discord/0.0.46/modules/pending/discord_spellcheck-1.zip: 64%
2024-03-19T15:15:43.115Z [Modules] Streaming discord_spellcheck@1 to /home/Raymon/.config/discord/0.0.46/modules/pending/discord_spellcheck-1.zip: 65%
2024-03-19T15:15:43.154Z [Modules] Streaming discord_spellcheck@1 to /home/Raymon/.config/discord/0.0.46/modules/pending/discord_spellcheck-1.zip: 66%
2024-03-19T15:15:43.171Z [Modules] Streaming discord_spellcheck@1 to /home/Raymon/.config/discord/0.0.46/modules/pending/discord_spellcheck-1.zip: 67%
2024-03-19T15:15:43.182Z [Modules] Streaming discord_spellcheck@1 to /home/Raymon/.config/discord/0.0.46/modules/pending/discord_spellcheck-1.zip: 68%
2024-03-19T15:15:43.189Z [Modules] Streaming discord_spellcheck@1 to /home/Raymon/.config/discord/0.0.46/modules/pending/discord_spellcheck-1.zip: 69%
2024-03-19T15:15:43.199Z [Modules] Streaming discord_spellcheck@1 to /home/Raymon/.config/discord/0.0.46/modules/pending/discord_spellcheck-1.zip: 70%
2024-03-19T15:15:43.210Z [Modules] Streaming discord_spellcheck@1 to /home/Raymon/.config/discord/0.0.46/modules/pending/discord_spellcheck-1.zip: 71%
2024-03-19T15:15:43.312Z [Modules] Streaming discord_spellcheck@1 to /home/Raymon/.config/discord/0.0.46/modules/pending/discord_spellcheck-1.zip: 72%
2024-03-19T15:15:43.325Z [Modules] Streaming discord_spellcheck@1 to /home/Raymon/.config/discord/0.0.46/modules/pending/discord_spellcheck-1.zip: 73%
2024-03-19T15:15:43.336Z [Modules] Streaming discord_spellcheck@1 to /home/Raymon/.config/discord/0.0.46/modules/pending/discord_spellcheck-1.zip: 74%
2024-03-19T15:15:43.356Z [Modules] Streaming discord_spellcheck@1 to /home/Raymon/.config/discord/0.0.46/modules/pending/discord_spellcheck-1.zip: 75%
2024-03-19T15:15:43.361Z [Modules] Streaming discord_spellcheck@1 to /home/Raymon/.config/discord/0.0.46/modules/pending/discord_spellcheck-1.zip: 77%
2024-03-19T15:15:43.363Z [Modules] Streaming discord_spellcheck@1 to /home/Raymon/.config/discord/0.0.46/modules/pending/discord_spellcheck-1.zip: 78%
2024-03-19T15:15:43.367Z [Modules] Streaming discord_spellcheck@1 to /home/Raymon/.config/discord/0.0.46/modules/pending/discord_spellcheck-1.zip: 79%
2024-03-19T15:15:43.369Z [Modules] Streaming discord_spellcheck@1 to /home/Raymon/.config/discord/0.0.46/modules/pending/discord_spellcheck-1.zip: 82%
2024-03-19T15:15:43.373Z [Modules] Streaming discord_spellcheck@1 to /home/Raymon/.config/discord/0.0.46/modules/pending/discord_spellcheck-1.zip: 85%
2024-03-19T15:15:43.381Z [Modules] Streaming discord_spellcheck@1 to /home/Raymon/.config/discord/0.0.46/modules/pending/discord_spellcheck-1.zip: 86%
2024-03-19T15:15:43.397Z [Modules] Streaming discord_spellcheck@1 to /home/Raymon/.config/discord/0.0.46/modules/pending/discord_spellcheck-1.zip: 87%
2024-03-19T15:15:43.408Z [Modules] Streaming discord_spellcheck@1 to /home/Raymon/.config/discord/0.0.46/modules/pending/discord_spellcheck-1.zip: 88%
2024-03-19T15:15:43.416Z [Modules] Streaming discord_spellcheck@1 to /home/Raymon/.config/discord/0.0.46/modules/pending/discord_spellcheck-1.zip: 89%
2024-03-19T15:15:43.428Z [Modules] Streaming discord_spellcheck@1 to /home/Raymon/.config/discord/0.0.46/modules/pending/discord_spellcheck-1.zip: 90%
2024-03-19T15:15:43.438Z [Modules] Streaming discord_spellcheck@1 to /home/Raymon/.config/discord/0.0.46/modules/pending/discord_spellcheck-1.zip: 91%
2024-03-19T15:15:43.448Z [Modules] Streaming discord_spellcheck@1 to /home/Raymon/.config/discord/0.0.46/modules/pending/discord_spellcheck-1.zip: 92%
2024-03-19T15:15:43.455Z [Modules] Streaming discord_spellcheck@1 to /home/Raymon/.config/discord/0.0.46/modules/pending/discord_spellcheck-1.zip: 93%
2024-03-19T15:15:43.465Z [Modules] Streaming discord_spellcheck@1 to /home/Raymon/.config/discord/0.0.46/modules/pending/discord_spellcheck-1.zip: 94%
2024-03-19T15:15:43.476Z [Modules] Streaming discord_spellcheck@1 to /home/Raymon/.config/discord/0.0.46/modules/pending/discord_spellcheck-1.zip: 95%
2024-03-19T15:15:43.483Z [Modules] Streaming discord_spellcheck@1 to /home/Raymon/.config/discord/0.0.46/modules/pending/discord_spellcheck-1.zip: 96%
2024-03-19T15:15:43.494Z [Modules] Streaming discord_spellcheck@1 to /home/Raymon/.config/discord/0.0.46/modules/pending/discord_spellcheck-1.zip: 97%
2024-03-19T15:15:43.502Z [Modules] Streaming discord_spellcheck@1 to /home/Raymon/.config/discord/0.0.46/modules/pending/discord_spellcheck-1.zip: 98%
2024-03-19T15:15:43.513Z [Modules] Streaming discord_spellcheck@1 to /home/Raymon/.config/discord/0.0.46/modules/pending/discord_spellcheck-1.zip: 99%
2024-03-19T15:15:43.522Z [Modules] Streaming discord_spellcheck@1 to /home/Raymon/.config/discord/0.0.46/modules/pending/discord_spellcheck-1.zip: 100%
2024-03-19T15:15:43.527Z [Modules] Fetching discord_utils@1 from https://discord.com/api/modules/stable/discord_utils/1
2024-03-19T15:15:43.527Z [Modules] Streaming discord_utils@1 to /home/Raymon/.config/discord/0.0.46/modules/pending/discord_utils-1.zip
2024-03-19T15:15:43.789Z [Modules] Streaming discord_utils@1 to /home/Raymon/.config/discord/0.0.46/modules/pending/discord_utils-1.zip: 2%
2024-03-19T15:15:43.796Z [Modules] Streaming discord_utils@1 to /home/Raymon/.config/discord/0.0.46/modules/pending/discord_utils-1.zip: 5%
2024-03-19T15:15:43.804Z [Modules] Streaming discord_utils@1 to /home/Raymon/.config/discord/0.0.46/modules/pending/discord_utils-1.zip: 7%
2024-03-19T15:15:43.816Z [Modules] Streaming discord_utils@1 to /home/Raymon/.config/discord/0.0.46/modules/pending/discord_utils-1.zip: 9%
2024-03-19T15:15:43.827Z [Modules] Streaming discord_utils@1 to /home/Raymon/.config/discord/0.0.46/modules/pending/discord_utils-1.zip: 14%
2024-03-19T15:15:43.831Z [Modules] Streaming discord_utils@1 to /home/Raymon/.config/discord/0.0.46/modules/pending/discord_utils-1.zip: 16%
2024-03-19T15:15:43.837Z [Modules] Streaming discord_utils@1 to /home/Raymon/.config/discord/0.0.46/modules/pending/discord_utils-1.zip: 17%
2024-03-19T15:15:43.841Z [Modules] Streaming discord_utils@1 to /home/Raymon/.config/discord/0.0.46/modules/pending/discord_utils-1.zip: 19%
2024-03-19T15:15:43.846Z [Modules] Streaming discord_utils@1 to /home/Raymon/.config/discord/0.0.46/modules/pending/discord_utils-1.zip: 22%
2024-03-19T15:15:43.854Z [Modules] Streaming discord_utils@1 to /home/Raymon/.config/discord/0.0.46/modules/pending/discord_utils-1.zip: 23%
2024-03-19T15:15:43.858Z [Modules] Streaming discord_utils@1 to /home/Raymon/.config/discord/0.0.46/modules/pending/discord_utils-1.zip: 25%
2024-03-19T15:15:43.868Z [Modules] Streaming discord_utils@1 to /home/Raymon/.config/discord/0.0.46/modules/pending/discord_utils-1.zip: 26%
2024-03-19T15:15:43.872Z [Modules] Streaming discord_utils@1 to /home/Raymon/.config/discord/0.0.46/modules/pending/discord_utils-1.zip: 28%
2024-03-19T15:15:43.880Z [Modules] Streaming discord_utils@1 to /home/Raymon/.config/discord/0.0.46/modules/pending/discord_utils-1.zip: 29%
2024-03-19T15:15:43.884Z [Modules] Streaming discord_utils@1 to /home/Raymon/.config/discord/0.0.46/modules/pending/discord_utils-1.zip: 30%
2024-03-19T15:15:43.998Z [Modules] Streaming discord_utils@1 to /home/Raymon/.config/discord/0.0.46/modules/pending/discord_utils-1.zip: 31%
2024-03-19T15:15:44.002Z [Modules] Streaming discord_utils@1 to /home/Raymon/.config/discord/0.0.46/modules/pending/discord_utils-1.zip: 32%
2024-03-19T15:15:44.005Z [Modules] Streaming discord_utils@1 to /home/Raymon/.config/discord/0.0.46/modules/pending/discord_utils-1.zip: 33%
2024-03-19T15:15:44.010Z [Modules] Streaming discord_utils@1 to /home/Raymon/.config/discord/0.0.46/modules/pending/discord_utils-1.zip: 34%
2024-03-19T15:15:44.013Z [Modules] Streaming discord_utils@1 to /home/Raymon/.config/discord/0.0.46/modules/pending/discord_utils-1.zip: 35%
2024-03-19T15:15:44.022Z [Modules] Streaming discord_utils@1 to /home/Raymon/.config/discord/0.0.46/modules/pending/discord_utils-1.zip: 36%
2024-03-19T15:15:44.027Z [Modules] Streaming discord_utils@1 to /home/Raymon/.config/discord/0.0.46/modules/pending/discord_utils-1.zip: 37%
2024-03-19T15:15:44.032Z [Modules] Streaming discord_utils@1 to /home/Raymon/.config/discord/0.0.46/modules/pending/discord_utils-1.zip: 39%
2024-03-19T15:15:44.035Z [Modules] Streaming discord_utils@1 to /home/Raymon/.config/discord/0.0.46/modules/pending/discord_utils-1.zip: 42%
2024-03-19T15:15:44.038Z [Modules] Streaming discord_utils@1 to /home/Raymon/.config/discord/0.0.46/modules/pending/discord_utils-1.zip: 44%
2024-03-19T15:15:44.044Z [Modules] Streaming discord_utils@1 to /home/Raymon/.config/discord/0.0.46/modules/pending/discord_utils-1.zip: 46%
2024-03-19T15:15:44.052Z [Modules] Streaming discord_utils@1 to /home/Raymon/.config/discord/0.0.46/modules/pending/discord_utils-1.zip: 55%
2024-03-19T15:15:44.055Z [Modules] Streaming discord_utils@1 to /home/Raymon/.config/discord/0.0.46/modules/pending/discord_utils-1.zip: 64%
2024-03-19T15:15:44.094Z [Modules] Streaming discord_utils@1 to /home/Raymon/.config/discord/0.0.46/modules/pending/discord_utils-1.zip: 65%
2024-03-19T15:15:44.097Z [Modules] Streaming discord_utils@1 to /home/Raymon/.config/discord/0.0.46/modules/pending/discord_utils-1.zip: 67%
2024-03-19T15:15:44.102Z [Modules] Streaming discord_utils@1 to /home/Raymon/.config/discord/0.0.46/modules/pending/discord_utils-1.zip: 68%
2024-03-19T15:15:44.104Z [Modules] Streaming discord_utils@1 to /home/Raymon/.config/discord/0.0.46/modules/pending/discord_utils-1.zip: 70%
2024-03-19T15:15:44.107Z [Modules] Streaming discord_utils@1 to /home/Raymon/.config/discord/0.0.46/modules/pending/discord_utils-1.zip: 71%
2024-03-19T15:15:44.115Z [Modules] Streaming discord_utils@1 to /home/Raymon/.config/discord/0.0.46/modules/pending/discord_utils-1.zip: 73%
2024-03-19T15:15:44.121Z [Modules] Streaming discord_utils@1 to /home/Raymon/.config/discord/0.0.46/modules/pending/discord_utils-1.zip: 76%
2024-03-19T15:15:44.123Z [Modules] Streaming discord_utils@1 to /home/Raymon/.config/discord/0.0.46/modules/pending/discord_utils-1.zip: 80%
2024-03-19T15:15:44.131Z [Modules] Streaming discord_utils@1 to /home/Raymon/.config/discord/0.0.46/modules/pending/discord_utils-1.zip: 84%
2024-03-19T15:15:44.140Z [Modules] Streaming discord_utils@1 to /home/Raymon/.config/discord/0.0.46/modules/pending/discord_utils-1.zip: 93%
2024-03-19T15:15:44.144Z [Modules] Streaming discord_utils@1 to /home/Raymon/.config/discord/0.0.46/modules/pending/discord_utils-1.zip: 95%
2024-03-19T15:15:44.150Z [Modules] Streaming discord_utils@1 to /home/Raymon/.config/discord/0.0.46/modules/pending/discord_utils-1.zip: 99%
2024-03-19T15:15:44.161Z [Modules] Streaming discord_utils@1 to /home/Raymon/.config/discord/0.0.46/modules/pending/discord_utils-1.zip: 100%
2024-03-19T15:15:44.168Z [Modules] Fetching discord_voice@1 from https://discord.com/api/modules/stable/discord_voice/1
2024-03-19T15:15:44.168Z [Modules] Streaming discord_voice@1 to /home/Raymon/.config/discord/0.0.46/modules/pending/discord_voice-1.zip
2024-03-19T15:15:44.457Z [Modules] Streaming discord_voice@1 to /home/Raymon/.config/discord/0.0.46/modules/pending/discord_voice-1.zip: 1%
2024-03-19T15:15:44.481Z [Modules] Streaming discord_voice@1 to /home/Raymon/.config/discord/0.0.46/modules/pending/discord_voice-1.zip: 2%
2024-03-19T15:15:44.509Z [Modules] Streaming discord_voice@1 to /home/Raymon/.config/discord/0.0.46/modules/pending/discord_voice-1.zip: 3%
2024-03-19T15:15:44.534Z [Modules] Streaming discord_voice@1 to /home/Raymon/.config/discord/0.0.46/modules/pending/discord_voice-1.zip: 4%
2024-03-19T15:15:44.671Z [Modules] Streaming discord_voice@1 to /home/Raymon/.config/discord/0.0.46/modules/pending/discord_voice-1.zip: 5%
2024-03-19T15:15:44.684Z [Modules] Streaming discord_voice@1 to /home/Raymon/.config/discord/0.0.46/modules/pending/discord_voice-1.zip: 6%
2024-03-19T15:15:44.689Z [Modules] Streaming discord_voice@1 to /home/Raymon/.config/discord/0.0.46/modules/pending/discord_voice-1.zip: 7%
2024-03-19T15:15:44.692Z [Modules] Streaming discord_voice@1 to /home/Raymon/.config/discord/0.0.46/modules/pending/discord_voice-1.zip: 8%
2024-03-19T15:15:44.722Z [Modules] Streaming discord_voice@1 to /home/Raymon/.config/discord/0.0.46/modules/pending/discord_voice-1.zip: 9%
2024-03-19T15:15:44.724Z [Modules] Streaming discord_voice@1 to /home/Raymon/.config/discord/0.0.46/modules/pending/discord_voice-1.zip: 10%
2024-03-19T15:15:44.726Z [Modules] Streaming discord_voice@1 to /home/Raymon/.config/discord/0.0.46/modules/pending/discord_voice-1.zip: 11%
2024-03-19T15:15:44.753Z [Modules] Streaming discord_voice@1 to /home/Raymon/.config/discord/0.0.46/modules/pending/discord_voice-1.zip: 12%
2024-03-19T15:15:44.778Z [Modules] Streaming discord_voice@1 to /home/Raymon/.config/discord/0.0.46/modules/pending/discord_voice-1.zip: 13%
2024-03-19T15:15:44.804Z [Modules] Streaming discord_voice@1 to /home/Raymon/.config/discord/0.0.46/modules/pending/discord_voice-1.zip: 14%
2024-03-19T15:15:44.833Z [Modules] Streaming discord_voice@1 to /home/Raymon/.config/discord/0.0.46/modules/pending/discord_voice-1.zip: 15%
2024-03-19T15:15:44.857Z [Modules] Streaming discord_voice@1 to /home/Raymon/.config/discord/0.0.46/modules/pending/discord_voice-1.zip: 16%
2024-03-19T15:15:44.985Z [Modules] Streaming discord_voice@1 to /home/Raymon/.config/discord/0.0.46/modules/pending/discord_voice-1.zip: 17%
2024-03-19T15:15:44.993Z [Modules] Streaming discord_voice@1 to /home/Raymon/.config/discord/0.0.46/modules/pending/discord_voice-1.zip: 18%
2024-03-19T15:15:45.021Z [Modules] Streaming discord_voice@1 to /home/Raymon/.config/discord/0.0.46/modules/pending/discord_voice-1.zip: 19%
2024-03-19T15:15:45.030Z [Modules] Streaming discord_voice@1 to /home/Raymon/.config/discord/0.0.46/modules/pending/discord_voice-1.zip: 20%
2024-03-19T15:15:45.033Z [Modules] Streaming discord_voice@1 to /home/Raymon/.config/discord/0.0.46/modules/pending/discord_voice-1.zip: 21%
2024-03-19T15:15:45.041Z [Modules] Streaming discord_voice@1 to /home/Raymon/.config/discord/0.0.46/modules/pending/discord_voice-1.zip: 22%
2024-03-19T15:15:45.068Z [Modules] Streaming discord_voice@1 to /home/Raymon/.config/discord/0.0.46/modules/pending/discord_voice-1.zip: 23%
2024-03-19T15:15:45.088Z [Modules] Streaming discord_voice@1 to /home/Raymon/.config/discord/0.0.46/modules/pending/discord_voice-1.zip: 24%
2024-03-19T15:15:45.116Z [Modules] Streaming discord_voice@1 to /home/Raymon/.config/discord/0.0.46/modules/pending/discord_voice-1.zip: 25%
2024-03-19T15:15:45.142Z [Modules] Streaming discord_voice@1 to /home/Raymon/.config/discord/0.0.46/modules/pending/discord_voice-1.zip: 26%
2024-03-19T15:15:45.169Z [Modules] Streaming discord_voice@1 to /home/Raymon/.config/discord/0.0.46/modules/pending/discord_voice-1.zip: 27%
2024-03-19T15:15:45.299Z [Modules] Streaming discord_voice@1 to /home/Raymon/.config/discord/0.0.46/modules/pending/discord_voice-1.zip: 28%
2024-03-19T15:15:45.321Z [Modules] Streaming discord_voice@1 to /home/Raymon/.config/discord/0.0.46/modules/pending/discord_voice-1.zip: 29%
2024-03-19T15:15:45.349Z [Modules] Streaming discord_voice@1 to /home/Raymon/.config/discord/0.0.46/modules/pending/discord_voice-1.zip: 30%
2024-03-19T15:15:45.359Z [Modules] Streaming discord_voice@1 to /home/Raymon/.config/discord/0.0.46/modules/pending/discord_voice-1.zip: 31%
2024-03-19T15:15:45.362Z [Modules] Streaming discord_voice@1 to /home/Raymon/.config/discord/0.0.46/modules/pending/discord_voice-1.zip: 33%
2024-03-19T15:15:45.365Z [Modules] Streaming discord_voice@1 to /home/Raymon/.config/discord/0.0.46/modules/pending/discord_voice-1.zip: 34%
2024-03-19T15:15:45.411Z [Modules] Streaming discord_voice@1 to /home/Raymon/.config/discord/0.0.46/modules/pending/discord_voice-1.zip: 35%
2024-03-19T15:15:45.437Z [Modules] Streaming discord_voice@1 to /home/Raymon/.config/discord/0.0.46/modules/pending/discord_voice-1.zip: 36%
2024-03-19T15:15:45.465Z [Modules] Streaming discord_voice@1 to /home/Raymon/.config/discord/0.0.46/modules/pending/discord_voice-1.zip: 37%
2024-03-19T15:15:45.489Z [Modules] Streaming discord_voice@1 to /home/Raymon/.config/discord/0.0.46/modules/pending/discord_voice-1.zip: 38%
2024-03-19T15:15:45.631Z [Modules] Streaming discord_voice@1 to /home/Raymon/.config/discord/0.0.46/modules/pending/discord_voice-1.zip: 39%
2024-03-19T15:15:45.693Z [Modules] Streaming discord_voice@1 to /home/Raymon/.config/discord/0.0.46/modules/pending/discord_voice-1.zip: 40%
2024-03-19T15:15:45.697Z [Modules] Streaming discord_voice@1 to /home/Raymon/.config/discord/0.0.46/modules/pending/discord_voice-1.zip: 41%
2024-03-19T15:15:45.716Z [Modules] Streaming discord_voice@1 to /home/Raymon/.config/discord/0.0.46/modules/pending/discord_voice-1.zip: 45%
2024-03-19T15:15:45.750Z [Modules] Streaming discord_voice@1 to /home/Raymon/.config/discord/0.0.46/modules/pending/discord_voice-1.zip: 46%
2024-03-19T15:15:45.779Z [Modules] Streaming discord_voice@1 to /home/Raymon/.config/discord/0.0.46/modules/pending/discord_voice-1.zip: 47%
2024-03-19T15:15:45.808Z [Modules] Streaming discord_voice@1 to /home/Raymon/.config/discord/0.0.46/modules/pending/discord_voice-1.zip: 48%
2024-03-19T15:15:45.829Z [Modules] Streaming discord_voice@1 to /home/Raymon/.config/discord/0.0.46/modules/pending/discord_voice-1.zip: 49%
2024-03-19T15:15:45.974Z [Modules] Streaming discord_voice@1 to /home/Raymon/.config/discord/0.0.46/modules/pending/discord_voice-1.zip: 50%
2024-03-19T15:15:45.981Z [Modules] Streaming discord_voice@1 to /home/Raymon/.config/discord/0.0.46/modules/pending/discord_voice-1.zip: 51%
2024-03-19T15:15:45.999Z [Modules] Streaming discord_voice@1 to /home/Raymon/.config/discord/0.0.46/modules/pending/discord_voice-1.zip: 52%
2024-03-19T15:15:46.005Z [Modules] Streaming discord_voice@1 to /home/Raymon/.config/discord/0.0.46/modules/pending/discord_voice-1.zip: 53%
2024-03-19T15:15:46.014Z [Modules] Streaming discord_voice@1 to /home/Raymon/.config/discord/0.0.46/modules/pending/discord_voice-1.zip: 54%
2024-03-19T15:15:46.016Z [Modules] Streaming discord_voice@1 to /home/Raymon/.config/discord/0.0.46/modules/pending/discord_voice-1.zip: 55%
2024-03-19T15:15:46.021Z [Modules] Streaming discord_voice@1 to /home/Raymon/.config/discord/0.0.46/modules/pending/discord_voice-1.zip: 56%
2024-03-19T15:15:46.070Z [Modules] Streaming discord_voice@1 to /home/Raymon/.config/discord/0.0.46/modules/pending/discord_voice-1.zip: 57%
2024-03-19T15:15:46.096Z [Modules] Streaming discord_voice@1 to /home/Raymon/.config/discord/0.0.46/modules/pending/discord_voice-1.zip: 58%
2024-03-19T15:15:46.123Z [Modules] Streaming discord_voice@1 to /home/Raymon/.config/discord/0.0.46/modules/pending/discord_voice-1.zip: 59%
2024-03-19T15:15:46.143Z [Modules] Streaming discord_voice@1 to /home/Raymon/.config/discord/0.0.46/modules/pending/discord_voice-1.zip: 60%
2024-03-19T15:15:46.282Z [Modules] Streaming discord_voice@1 to /home/Raymon/.config/discord/0.0.46/modules/pending/discord_voice-1.zip: 61%
2024-03-19T15:15:46.314Z [Modules] Streaming discord_voice@1 to /home/Raymon/.config/discord/0.0.46/modules/pending/discord_voice-1.zip: 62%
2024-03-19T15:15:46.316Z [Modules] Streaming discord_voice@1 to /home/Raymon/.config/discord/0.0.46/modules/pending/discord_voice-1.zip: 63%
2024-03-19T15:15:46.327Z [Modules] Streaming discord_voice@1 to /home/Raymon/.config/discord/0.0.46/modules/pending/discord_voice-1.zip: 64%
2024-03-19T15:15:46.329Z [Modules] Streaming discord_voice@1 to /home/Raymon/.config/discord/0.0.46/modules/pending/discord_voice-1.zip: 65%
2024-03-19T15:15:46.333Z [Modules] Streaming discord_voice@1 to /home/Raymon/.config/discord/0.0.46/modules/pending/discord_voice-1.zip: 66%
2024-03-19T15:15:46.343Z [Modules] Streaming discord_voice@1 to /home/Raymon/.config/discord/0.0.46/modules/pending/discord_voice-1.zip: 67%
2024-03-19T15:15:46.362Z [Modules] Streaming discord_voice@1 to /home/Raymon/.config/discord/0.0.46/modules/pending/discord_voice-1.zip: 68%
2024-03-19T15:15:46.392Z [Modules] Streaming discord_voice@1 to /home/Raymon/.config/discord/0.0.46/modules/pending/discord_voice-1.zip: 69%
2024-03-19T15:15:46.418Z [Modules] Streaming discord_voice@1 to /home/Raymon/.config/discord/0.0.46/modules/pending/discord_voice-1.zip: 70%
2024-03-19T15:15:46.447Z [Modules] Streaming discord_voice@1 to /home/Raymon/.config/discord/0.0.46/modules/pending/discord_voice-1.zip: 71%
2024-03-19T15:15:46.581Z [Modules] Streaming discord_voice@1 to /home/Raymon/.config/discord/0.0.46/modules/pending/discord_voice-1.zip: 72%
2024-03-19T15:15:46.588Z [Modules] Streaming discord_voice@1 to /home/Raymon/.config/discord/0.0.46/modules/pending/discord_voice-1.zip: 73%
2024-03-19T15:15:46.599Z [Modules] Streaming discord_voice@1 to /home/Raymon/.config/discord/0.0.46/modules/pending/discord_voice-1.zip: 74%
2024-03-19T15:15:46.601Z [Modules] Streaming discord_voice@1 to /home/Raymon/.config/discord/0.0.46/modules/pending/discord_voice-1.zip: 75%
2024-03-19T15:15:46.634Z [Modules] Streaming discord_voice@1 to /home/Raymon/.config/discord/0.0.46/modules/pending/discord_voice-1.zip: 76%
2024-03-19T15:15:46.636Z [Modules] Streaming discord_voice@1 to /home/Raymon/.config/discord/0.0.46/modules/pending/discord_voice-1.zip: 77%
2024-03-19T15:15:46.644Z [Modules] Streaming discord_voice@1 to /home/Raymon/.config/discord/0.0.46/modules/pending/discord_voice-1.zip: 78%
2024-03-19T15:15:46.665Z [Modules] Streaming discord_voice@1 to /home/Raymon/.config/discord/0.0.46/modules/pending/discord_voice-1.zip: 79%
2024-03-19T15:15:46.694Z [Modules] Streaming discord_voice@1 to /home/Raymon/.config/discord/0.0.46/modules/pending/discord_voice-1.zip: 80%
2024-03-19T15:15:46.723Z [Modules] Streaming discord_voice@1 to /home/Raymon/.config/discord/0.0.46/modules/pending/discord_voice-1.zip: 81%
2024-03-19T15:15:46.743Z [Modules] Streaming discord_voice@1 to /home/Raymon/.config/discord/0.0.46/modules/pending/discord_voice-1.zip: 82%
2024-03-19T15:15:46.880Z [Modules] Streaming discord_voice@1 to /home/Raymon/.config/discord/0.0.46/modules/pending/discord_voice-1.zip: 83%
2024-03-19T15:15:46.904Z [Modules] Streaming discord_voice@1 to /home/Raymon/.config/discord/0.0.46/modules/pending/discord_voice-1.zip: 84%
2024-03-19T15:15:46.916Z [Modules] Streaming discord_voice@1 to /home/Raymon/.config/discord/0.0.46/modules/pending/discord_voice-1.zip: 85%
2024-03-19T15:15:46.924Z [Modules] Streaming discord_voice@1 to /home/Raymon/.config/discord/0.0.46/modules/pending/discord_voice-1.zip: 86%
2024-03-19T15:15:46.926Z [Modules] Streaming discord_voice@1 to /home/Raymon/.config/discord/0.0.46/modules/pending/discord_voice-1.zip: 87%
2024-03-19T15:15:46.941Z [Modules] Streaming discord_voice@1 to /home/Raymon/.config/discord/0.0.46/modules/pending/discord_voice-1.zip: 88%
2024-03-19T15:15:46.962Z [Modules] Streaming discord_voice@1 to /home/Raymon/.config/discord/0.0.46/modules/pending/discord_voice-1.zip: 90%
2024-03-19T15:15:46.991Z [Modules] Streaming discord_voice@1 to /home/Raymon/.config/discord/0.0.46/modules/pending/discord_voice-1.zip: 91%
2024-03-19T15:15:47.010Z [Modules] Streaming discord_voice@1 to /home/Raymon/.config/discord/0.0.46/modules/pending/discord_voice-1.zip: 92%
2024-03-19T15:15:47.040Z [Modules] Streaming discord_voice@1 to /home/Raymon/.config/discord/0.0.46/modules/pending/discord_voice-1.zip: 93%
2024-03-19T15:15:47.061Z [Modules] Streaming discord_voice@1 to /home/Raymon/.config/discord/0.0.46/modules/pending/discord_voice-1.zip: 94%
2024-03-19T15:15:47.184Z [Modules] Streaming discord_voice@1 to /home/Raymon/.config/discord/0.0.46/modules/pending/discord_voice-1.zip: 95%
2024-03-19T15:15:47.205Z [Modules] Streaming discord_voice@1 to /home/Raymon/.config/discord/0.0.46/modules/pending/discord_voice-1.zip: 96%
2024-03-19T15:15:47.216Z [Modules] Streaming discord_voice@1 to /home/Raymon/.config/discord/0.0.46/modules/pending/discord_voice-1.zip: 97%
2024-03-19T15:15:47.219Z [Modules] Streaming discord_voice@1 to /home/Raymon/.config/discord/0.0.46/modules/pending/discord_voice-1.zip: 98%
2024-03-19T15:15:47.220Z [Modules] Streaming discord_voice@1 to /home/Raymon/.config/discord/0.0.46/modules/pending/discord_voice-1.zip: 99%
2024-03-19T15:15:47.222Z [Modules] Streaming discord_voice@1 to /home/Raymon/.config/discord/0.0.46/modules/pending/discord_voice-1.zip: 100%
2024-03-19T15:15:47.227Z [Modules] Finished module downloads. [success: 5] [failure: 0]
2024-03-19T15:15:47.228Z [Modules] Installing updates...
2024-03-19T15:15:47.228Z [Modules] Installing discord_desktop_core@1 from /home/Raymon/.config/discord/0.0.46/modules/pending/discord_desktop_core-1.zip
2024-03-19T15:15:47.504Z [Modules] Installing discord_erlpack@1 from /home/Raymon/.config/discord/0.0.46/modules/pending/discord_erlpack-1.zip
2024-03-19T15:15:47.747Z [Modules] Installing discord_spellcheck@1 from /home/Raymon/.config/discord/0.0.46/modules/pending/discord_spellcheck-1.zip
2024-03-19T15:15:51.576Z [Modules] Installing discord_utils@1 from /home/Raymon/.config/discord/0.0.46/modules/pending/discord_utils-1.zip
2024-03-19T15:15:52.094Z [Modules] Installing discord_voice@1 from /home/Raymon/.config/discord/0.0.46/modules/pending/discord_voice-1.zip
2024-03-19T15:15:54.056Z [Modules] Finished module installations. [success: 5] [failure: 0]
2024-03-19T15:15:54.056Z [Modules] Checking for host updates.
2024-03-19T15:15:54.269Z [Modules] Host is up to date.
2024-03-19T15:15:54.270Z [Modules] Checking for module updates at https://discord.com/api/modules/stable/versions.json
2024-03-19T15:15:54.279Z [Modules] No module updates available.
2024-03-19T15:15:58.358Z [Modules] Starting to install discord_krisp...
2024-03-19T15:15:58.358Z [Modules] Fetching discord_krisp@1 from https://discord.com/api/modules/stable/discord_krisp/1
2024-03-19T15:15:58.359Z [Modules] Streaming discord_krisp@1 to /home/Raymon/.config/discord/0.0.46/modules/pending/discord_krisp-1.zip
2024-03-19T15:15:58.375Z [Modules] Starting to install discord_game_utils...
2024-03-19T15:15:58.736Z [Modules] Streaming discord_krisp@1 to /home/Raymon/.config/discord/0.0.46/modules/pending/discord_krisp-1.zip: 1%
2024-03-19T15:15:58.739Z [Modules] Streaming discord_krisp@1 to /home/Raymon/.config/discord/0.0.46/modules/pending/discord_krisp-1.zip: 2%
2024-03-19T15:15:58.748Z [Modules] Streaming discord_krisp@1 to /home/Raymon/.config/discord/0.0.46/modules/pending/discord_krisp-1.zip: 3%
2024-03-19T15:15:58.749Z [Modules] Streaming discord_krisp@1 to /home/Raymon/.config/discord/0.0.46/modules/pending/discord_krisp-1.zip: 4%
2024-03-19T15:15:58.767Z [Modules] Streaming discord_krisp@1 to /home/Raymon/.config/discord/0.0.46/modules/pending/discord_krisp-1.zip: 5%
2024-03-19T15:15:58.787Z [Modules] Streaming discord_krisp@1 to /home/Raymon/.config/discord/0.0.46/modules/pending/discord_krisp-1.zip: 6%
2024-03-19T15:15:58.827Z [Modules] Streaming discord_krisp@1 to /home/Raymon/.config/discord/0.0.46/modules/pending/discord_krisp-1.zip: 7%
2024-03-19T15:15:58.880Z [Modules] Streaming discord_krisp@1 to /home/Raymon/.config/discord/0.0.46/modules/pending/discord_krisp-1.zip: 8%
2024-03-19T15:15:58.883Z [Modules] Streaming discord_krisp@1 to /home/Raymon/.config/discord/0.0.46/modules/pending/discord_krisp-1.zip: 9%
2024-03-19T15:15:58.886Z [Modules] Streaming discord_krisp@1 to /home/Raymon/.config/discord/0.0.46/modules/pending/discord_krisp-1.zip: 10%
2024-03-19T15:15:58.889Z [Modules] Streaming discord_krisp@1 to /home/Raymon/.config/discord/0.0.46/modules/pending/discord_krisp-1.zip: 11%
2024-03-19T15:15:59.007Z [Modules] Streaming discord_krisp@1 to /home/Raymon/.config/discord/0.0.46/modules/pending/discord_krisp-1.zip: 12%
2024-03-19T15:15:59.014Z [Modules] Streaming discord_krisp@1 to /home/Raymon/.config/discord/0.0.46/modules/pending/discord_krisp-1.zip: 13%
2024-03-19T15:15:59.026Z [Modules] Streaming discord_krisp@1 to /home/Raymon/.config/discord/0.0.46/modules/pending/discord_krisp-1.zip: 16%
2024-03-19T15:15:59.069Z [Modules] Streaming discord_krisp@1 to /home/Raymon/.config/discord/0.0.46/modules/pending/discord_krisp-1.zip: 17%
2024-03-19T15:15:59.244Z [Modules] Streaming discord_krisp@1 to /home/Raymon/.config/discord/0.0.46/modules/pending/discord_krisp-1.zip: 18%
2024-03-19T15:15:59.251Z [Modules] Streaming discord_krisp@1 to /home/Raymon/.config/discord/0.0.46/modules/pending/discord_krisp-1.zip: 19%
2024-03-19T15:15:59.256Z [Modules] Streaming discord_krisp@1 to /home/Raymon/.config/discord/0.0.46/modules/pending/discord_krisp-1.zip: 20%
2024-03-19T15:15:59.263Z [Modules] Streaming discord_krisp@1 to /home/Raymon/.config/discord/0.0.46/modules/pending/discord_krisp-1.zip: 21%
2024-03-19T15:15:59.271Z [Modules] Streaming discord_krisp@1 to /home/Raymon/.config/discord/0.0.46/modules/pending/discord_krisp-1.zip: 22%
2024-03-19T15:15:59.272Z [Modules] Streaming discord_krisp@1 to /home/Raymon/.config/discord/0.0.46/modules/pending/discord_krisp-1.zip: 23%
2024-03-19T15:15:59.274Z [Modules] Streaming discord_krisp@1 to /home/Raymon/.config/discord/0.0.46/modules/pending/discord_krisp-1.zip: 24%
2024-03-19T15:15:59.275Z [Modules] Streaming discord_krisp@1 to /home/Raymon/.config/discord/0.0.46/modules/pending/discord_krisp-1.zip: 25%
2024-03-19T15:15:59.294Z [Modules] Streaming discord_krisp@1 to /home/Raymon/.config/discord/0.0.46/modules/pending/discord_krisp-1.zip: 26%
2024-03-19T15:15:59.330Z [Modules] Streaming discord_krisp@1 to /home/Raymon/.config/discord/0.0.46/modules/pending/discord_krisp-1.zip: 27%
2024-03-19T15:15:59.348Z [Modules] Streaming discord_krisp@1 to /home/Raymon/.config/discord/0.0.46/modules/pending/discord_krisp-1.zip: 28%
2024-03-19T15:15:59.379Z [Modules] Streaming discord_krisp@1 to /home/Raymon/.config/discord/0.0.46/modules/pending/discord_krisp-1.zip: 29%
2024-03-19T15:15:59.496Z [Modules] Streaming discord_krisp@1 to /home/Raymon/.config/discord/0.0.46/modules/pending/discord_krisp-1.zip: 30%
2024-03-19T15:15:59.509Z [Modules] Streaming discord_krisp@1 to /home/Raymon/.config/discord/0.0.46/modules/pending/discord_krisp-1.zip: 31%
2024-03-19T15:15:59.532Z [Modules] Streaming discord_krisp@1 to /home/Raymon/.config/discord/0.0.46/modules/pending/discord_krisp-1.zip: 32%
2024-03-19T15:15:59.539Z [Modules] Streaming discord_krisp@1 to /home/Raymon/.config/discord/0.0.46/modules/pending/discord_krisp-1.zip: 33%
2024-03-19T15:15:59.540Z [Modules] Streaming discord_krisp@1 to /home/Raymon/.config/discord/0.0.46/modules/pending/discord_krisp-1.zip: 34%
2024-03-19T15:15:59.541Z [Modules] Streaming discord_krisp@1 to /home/Raymon/.config/discord/0.0.46/modules/pending/discord_krisp-1.zip: 35%
2024-03-19T15:15:59.553Z [Modules] Streaming discord_krisp@1 to /home/Raymon/.config/discord/0.0.46/modules/pending/discord_krisp-1.zip: 36%
2024-03-19T15:15:59.581Z [Modules] Streaming discord_krisp@1 to /home/Raymon/.config/discord/0.0.46/modules/pending/discord_krisp-1.zip: 37%
2024-03-19T15:15:59.616Z [Modules] Streaming discord_krisp@1 to /home/Raymon/.config/discord/0.0.46/modules/pending/discord_krisp-1.zip: 38%
2024-03-19T15:15:59.640Z [Modules] Streaming discord_krisp@1 to /home/Raymon/.config/discord/0.0.46/modules/pending/discord_krisp-1.zip: 39%
2024-03-19T15:15:59.666Z [Modules] Streaming discord_krisp@1 to /home/Raymon/.config/discord/0.0.46/modules/pending/discord_krisp-1.zip: 40%
2024-03-19T15:15:59.693Z [Modules] Streaming discord_krisp@1 to /home/Raymon/.config/discord/0.0.46/modules/pending/discord_krisp-1.zip: 41%
2024-03-19T15:15:59.841Z [Modules] Streaming discord_krisp@1 to /home/Raymon/.config/discord/0.0.46/modules/pending/discord_krisp-1.zip: 42%
2024-03-19T15:15:59.862Z [Modules] Streaming discord_krisp@1 to /home/Raymon/.config/discord/0.0.46/modules/pending/discord_krisp-1.zip: 43%
2024-03-19T15:15:59.873Z [Modules] Streaming discord_krisp@1 to /home/Raymon/.config/discord/0.0.46/modules/pending/discord_krisp-1.zip: 44%
2024-03-19T15:15:59.874Z [Modules] Streaming discord_krisp@1 to /home/Raymon/.config/discord/0.0.46/modules/pending/discord_krisp-1.zip: 45%
2024-03-19T15:15:59.880Z [Modules] Streaming discord_krisp@1 to /home/Raymon/.config/discord/0.0.46/modules/pending/discord_krisp-1.zip: 46%
2024-03-19T15:15:59.890Z [Modules] Streaming discord_krisp@1 to /home/Raymon/.config/discord/0.0.46/modules/pending/discord_krisp-1.zip: 47%
2024-03-19T15:15:59.892Z [Modules] Streaming discord_krisp@1 to /home/Raymon/.config/discord/0.0.46/modules/pending/discord_krisp-1.zip: 48%
2024-03-19T15:15:59.906Z [Modules] Streaming discord_krisp@1 to /home/Raymon/.config/discord/0.0.46/modules/pending/discord_krisp-1.zip: 49%
2024-03-19T15:15:59.935Z [Modules] Streaming discord_krisp@1 to /home/Raymon/.config/discord/0.0.46/modules/pending/discord_krisp-1.zip: 50%
2024-03-19T15:15:59.953Z [Modules] Streaming discord_krisp@1 to /home/Raymon/.config/discord/0.0.46/modules/pending/discord_krisp-1.zip: 51%
2024-03-19T15:15:59.979Z [Modules] Streaming discord_krisp@1 to /home/Raymon/.config/discord/0.0.46/modules/pending/discord_krisp-1.zip: 52%
2024-03-19T15:16:00.001Z [Modules] Streaming discord_krisp@1 to /home/Raymon/.config/discord/0.0.46/modules/pending/discord_krisp-1.zip: 53%
2024-03-19T15:16:00.024Z [Modules] Streaming discord_krisp@1 to /home/Raymon/.config/discord/0.0.46/modules/pending/discord_krisp-1.zip: 54%
2024-03-19T15:16:00.140Z [Modules] Streaming discord_krisp@1 to /home/Raymon/.config/discord/0.0.46/modules/pending/discord_krisp-1.zip: 55%
2024-03-19T15:16:00.154Z [Modules] Streaming discord_krisp@1 to /home/Raymon/.config/discord/0.0.46/modules/pending/discord_krisp-1.zip: 56%
2024-03-19T15:16:00.155Z [Modules] Streaming discord_krisp@1 to /home/Raymon/.config/discord/0.0.46/modules/pending/discord_krisp-1.zip: 57%
2024-03-19T15:16:00.201Z [Modules] Streaming discord_krisp@1 to /home/Raymon/.config/discord/0.0.46/modules/pending/discord_krisp-1.zip: 58%
2024-03-19T15:16:00.205Z [Modules] Streaming discord_krisp@1 to /home/Raymon/.config/discord/0.0.46/modules/pending/discord_krisp-1.zip: 59%
2024-03-19T15:16:00.207Z [Modules] Streaming discord_krisp@1 to /home/Raymon/.config/discord/0.0.46/modules/pending/discord_krisp-1.zip: 60%
2024-03-19T15:16:00.209Z [Modules] Streaming discord_krisp@1 to /home/Raymon/.config/discord/0.0.46/modules/pending/discord_krisp-1.zip: 61%
2024-03-19T15:16:00.214Z [Modules] Streaming discord_krisp@1 to /home/Raymon/.config/discord/0.0.46/modules/pending/discord_krisp-1.zip: 62%
2024-03-19T15:16:00.234Z [Modules] Streaming discord_krisp@1 to /home/Raymon/.config/discord/0.0.46/modules/pending/discord_krisp-1.zip: 63%
2024-03-19T15:16:00.254Z [Modules] Streaming discord_krisp@1 to /home/Raymon/.config/discord/0.0.46/modules/pending/discord_krisp-1.zip: 64%
2024-03-19T15:16:00.273Z [Modules] Streaming discord_krisp@1 to /home/Raymon/.config/discord/0.0.46/modules/pending/discord_krisp-1.zip: 65%
2024-03-19T15:16:00.296Z [Modules] Streaming discord_krisp@1 to /home/Raymon/.config/discord/0.0.46/modules/pending/discord_krisp-1.zip: 66%
2024-03-19T15:16:00.313Z [Modules] Streaming discord_krisp@1 to /home/Raymon/.config/discord/0.0.46/modules/pending/discord_krisp-1.zip: 67%
2024-03-19T15:16:00.436Z [Modules] Streaming discord_krisp@1 to /home/Raymon/.config/discord/0.0.46/modules/pending/discord_krisp-1.zip: 68%
2024-03-19T15:16:00.449Z [Modules] Streaming discord_krisp@1 to /home/Raymon/.config/discord/0.0.46/modules/pending/discord_krisp-1.zip: 69%
2024-03-19T15:16:00.455Z [Modules] Streaming discord_krisp@1 to /home/Raymon/.config/discord/0.0.46/modules/pending/discord_krisp-1.zip: 70%
2024-03-19T15:16:00.470Z [Modules] Streaming discord_krisp@1 to /home/Raymon/.config/discord/0.0.46/modules/pending/discord_krisp-1.zip: 71%
2024-03-19T15:16:00.479Z [Modules] Streaming discord_krisp@1 to /home/Raymon/.config/discord/0.0.46/modules/pending/discord_krisp-1.zip: 72%
2024-03-19T15:16:00.480Z [Modules] Streaming discord_krisp@1 to /home/Raymon/.config/discord/0.0.46/modules/pending/discord_krisp-1.zip: 73%
2024-03-19T15:16:00.482Z [Modules] Streaming discord_krisp@1 to /home/Raymon/.config/discord/0.0.46/modules/pending/discord_krisp-1.zip: 74%
2024-03-19T15:16:00.482Z [Modules] Streaming discord_krisp@1 to /home/Raymon/.config/discord/0.0.46/modules/pending/discord_krisp-1.zip: 75%
2024-03-19T15:16:00.534Z [Modules] Streaming discord_krisp@1 to /home/Raymon/.config/discord/0.0.46/modules/pending/discord_krisp-1.zip: 76%
2024-03-19T15:16:00.550Z [Modules] Streaming discord_krisp@1 to /home/Raymon/.config/discord/0.0.46/modules/pending/discord_krisp-1.zip: 77%
2024-03-19T15:16:00.570Z [Modules] Streaming discord_krisp@1 to /home/Raymon/.config/discord/0.0.46/modules/pending/discord_krisp-1.zip: 78%
2024-03-19T15:16:00.587Z [Modules] Streaming discord_krisp@1 to /home/Raymon/.config/discord/0.0.46/modules/pending/discord_krisp-1.zip: 79%
2024-03-19T15:16:00.608Z [Modules] Streaming discord_krisp@1 to /home/Raymon/.config/discord/0.0.46/modules/pending/discord_krisp-1.zip: 80%
2024-03-19T15:16:00.625Z [Modules] Streaming discord_krisp@1 to /home/Raymon/.config/discord/0.0.46/modules/pending/discord_krisp-1.zip: 81%
2024-03-19T15:16:00.728Z [Modules] Streaming discord_krisp@1 to /home/Raymon/.config/discord/0.0.46/modules/pending/discord_krisp-1.zip: 82%
2024-03-19T15:16:00.732Z [Modules] Streaming discord_krisp@1 to /home/Raymon/.config/discord/0.0.46/modules/pending/discord_krisp-1.zip: 83%
2024-03-19T15:16:00.733Z [Modules] Streaming discord_krisp@1 to /home/Raymon/.config/discord/0.0.46/modules/pending/discord_krisp-1.zip: 84%
2024-03-19T15:16:00.751Z [Modules] Streaming discord_krisp@1 to /home/Raymon/.config/discord/0.0.46/modules/pending/discord_krisp-1.zip: 85%
2024-03-19T15:16:00.753Z [Modules] Streaming discord_krisp@1 to /home/Raymon/.config/discord/0.0.46/modules/pending/discord_krisp-1.zip: 86%
2024-03-19T15:16:00.754Z [Modules] Streaming discord_krisp@1 to /home/Raymon/.config/discord/0.0.46/modules/pending/discord_krisp-1.zip: 87%
2024-03-19T15:16:00.756Z [Modules] Streaming discord_krisp@1 to /home/Raymon/.config/discord/0.0.46/modules/pending/discord_krisp-1.zip: 88%
2024-03-19T15:16:00.770Z [Modules] Streaming discord_krisp@1 to /home/Raymon/.config/discord/0.0.46/modules/pending/discord_krisp-1.zip: 89%
2024-03-19T15:16:00.780Z [Modules] Checking for host updates.
2024-03-19T15:16:00.805Z [Modules] Streaming discord_krisp@1 to /home/Raymon/.config/discord/0.0.46/modules/pending/discord_krisp-1.zip: 90%
2024-03-19T15:16:00.826Z [Modules] Streaming discord_krisp@1 to /home/Raymon/.config/discord/0.0.46/modules/pending/discord_krisp-1.zip: 91%
2024-03-19T15:16:00.845Z [Modules] Streaming discord_krisp@1 to /home/Raymon/.config/discord/0.0.46/modules/pending/discord_krisp-1.zip: 92%
2024-03-19T15:16:00.864Z [Modules] Streaming discord_krisp@1 to /home/Raymon/.config/discord/0.0.46/modules/pending/discord_krisp-1.zip: 93%
2024-03-19T15:16:00.887Z [Modules] Streaming discord_krisp@1 to /home/Raymon/.config/discord/0.0.46/modules/pending/discord_krisp-1.zip: 94%
2024-03-19T15:16:00.959Z [Modules] Starting to install discord_rpc...
2024-03-19T15:16:01.001Z [Modules] Streaming discord_krisp@1 to /home/Raymon/.config/discord/0.0.46/modules/pending/discord_krisp-1.zip: 95%
2024-03-19T15:16:01.020Z [Modules] Host is up to date.
2024-03-19T15:16:01.020Z [Modules] Checking for module updates at https://discord.com/api/modules/stable/versions.json
2024-03-19T15:16:01.021Z [Modules] Streaming discord_krisp@1 to /home/Raymon/.config/discord/0.0.46/modules/pending/discord_krisp-1.zip: 96%
2024-03-19T15:16:01.029Z [Modules] Streaming discord_krisp@1 to /home/Raymon/.config/discord/0.0.46/modules/pending/discord_krisp-1.zip: 97%
2024-03-19T15:16:01.034Z [Modules] No module updates available.
2024-03-19T15:16:01.035Z [Modules] Streaming discord_krisp@1 to /home/Raymon/.config/discord/0.0.46/modules/pending/discord_krisp-1.zip: 99%
2024-03-19T15:16:01.037Z [Modules] Streaming discord_krisp@1 to /home/Raymon/.config/discord/0.0.46/modules/pending/discord_krisp-1.zip: 100%
2024-03-19T15:16:01.039Z [Modules] Fetching discord_game_utils@1 from https://discord.com/api/modules/stable/discord_game_utils/1
2024-03-19T15:16:01.039Z [Modules] Streaming discord_game_utils@1 to /home/Raymon/.config/discord/0.0.46/modules/pending/discord_game_utils-1.zip
2024-03-19T15:16:01.040Z [Modules] Installing discord_krisp@1 from /home/Raymon/.config/discord/0.0.46/modules/pending/discord_krisp-1.zip
2024-03-19T15:16:01.320Z [Modules] Streaming discord_game_utils@1 to /home/Raymon/.config/discord/0.0.46/modules/pending/discord_game_utils-1.zip: 2%
2024-03-19T15:16:01.325Z [Modules] Streaming discord_game_utils@1 to /home/Raymon/.config/discord/0.0.46/modules/pending/discord_game_utils-1.zip: 5%
2024-03-19T15:16:01.327Z [Modules] Streaming discord_game_utils@1 to /home/Raymon/.config/discord/0.0.46/modules/pending/discord_game_utils-1.zip: 7%
2024-03-19T15:16:01.330Z [Modules] Streaming discord_game_utils@1 to /home/Raymon/.config/discord/0.0.46/modules/pending/discord_game_utils-1.zip: 8%
2024-03-19T15:16:01.335Z [Modules] Streaming discord_game_utils@1 to /home/Raymon/.config/discord/0.0.46/modules/pending/discord_game_utils-1.zip: 10%
2024-03-19T15:16:01.340Z [Modules] Streaming discord_game_utils@1 to /home/Raymon/.config/discord/0.0.46/modules/pending/discord_game_utils-1.zip: 12%
2024-03-19T15:16:01.342Z [Modules] Streaming discord_game_utils@1 to /home/Raymon/.config/discord/0.0.46/modules/pending/discord_game_utils-1.zip: 13%
2024-03-19T15:16:01.348Z [Modules] Streaming discord_game_utils@1 to /home/Raymon/.config/discord/0.0.46/modules/pending/discord_game_utils-1.zip: 15%
2024-03-19T15:16:01.351Z [Modules] Streaming discord_game_utils@1 to /home/Raymon/.config/discord/0.0.46/modules/pending/discord_game_utils-1.zip: 18%
2024-03-19T15:16:01.354Z [Modules] Streaming discord_game_utils@1 to /home/Raymon/.config/discord/0.0.46/modules/pending/discord_game_utils-1.zip: 19%
2024-03-19T15:16:01.361Z [Modules] Streaming discord_game_utils@1 to /home/Raymon/.config/discord/0.0.46/modules/pending/discord_game_utils-1.zip: 22%
2024-03-19T15:16:01.364Z [Modules] Streaming discord_game_utils@1 to /home/Raymon/.config/discord/0.0.46/modules/pending/discord_game_utils-1.zip: 23%
2024-03-19T15:16:01.366Z [Modules] Streaming discord_game_utils@1 to /home/Raymon/.config/discord/0.0.46/modules/pending/discord_game_utils-1.zip: 25%
2024-03-19T15:16:01.373Z [Modules] Streaming discord_game_utils@1 to /home/Raymon/.config/discord/0.0.46/modules/pending/discord_game_utils-1.zip: 27%
2024-03-19T15:16:01.376Z [Modules] Streaming discord_game_utils@1 to /home/Raymon/.config/discord/0.0.46/modules/pending/discord_game_utils-1.zip: 30%
2024-03-19T15:16:01.379Z [Modules] Streaming discord_game_utils@1 to /home/Raymon/.config/discord/0.0.46/modules/pending/discord_game_utils-1.zip: 32%
2024-03-19T15:16:01.382Z [Modules] Streaming discord_game_utils@1 to /home/Raymon/.config/discord/0.0.46/modules/pending/discord_game_utils-1.zip: 34%
2024-03-19T15:16:01.384Z [Modules] Streaming discord_game_utils@1 to /home/Raymon/.config/discord/0.0.46/modules/pending/discord_game_utils-1.zip: 35%
2024-03-19T15:16:01.388Z [Modules] Streaming discord_game_utils@1 to /home/Raymon/.config/discord/0.0.46/modules/pending/discord_game_utils-1.zip: 36%
2024-03-19T15:16:01.395Z [Modules] Streaming discord_game_utils@1 to /home/Raymon/.config/discord/0.0.46/modules/pending/discord_game_utils-1.zip: 40%
2024-03-19T15:16:01.399Z [Modules] Streaming discord_game_utils@1 to /home/Raymon/.config/discord/0.0.46/modules/pending/discord_game_utils-1.zip: 42%
2024-03-19T15:16:01.401Z [Modules] Streaming discord_game_utils@1 to /home/Raymon/.config/discord/0.0.46/modules/pending/discord_game_utils-1.zip: 43%
2024-03-19T15:16:01.410Z [Modules] Streaming discord_game_utils@1 to /home/Raymon/.config/discord/0.0.46/modules/pending/discord_game_utils-1.zip: 45%
2024-03-19T15:16:01.473Z [Modules] Streaming discord_game_utils@1 to /home/Raymon/.config/discord/0.0.46/modules/pending/discord_game_utils-1.zip: 47%
2024-03-19T15:16:01.474Z [Modules] Streaming discord_game_utils@1 to /home/Raymon/.config/discord/0.0.46/modules/pending/discord_game_utils-1.zip: 49%
2024-03-19T15:16:01.476Z [Modules] Streaming discord_game_utils@1 to /home/Raymon/.config/discord/0.0.46/modules/pending/discord_game_utils-1.zip: 51%
2024-03-19T15:16:01.478Z [Modules] Streaming discord_game_utils@1 to /home/Raymon/.config/discord/0.0.46/modules/pending/discord_game_utils-1.zip: 53%
2024-03-19T15:16:01.478Z [Modules] Streaming discord_game_utils@1 to /home/Raymon/.config/discord/0.0.46/modules/pending/discord_game_utils-1.zip: 54%
2024-03-19T15:16:01.481Z [Modules] Streaming discord_game_utils@1 to /home/Raymon/.config/discord/0.0.46/modules/pending/discord_game_utils-1.zip: 55%
2024-03-19T15:16:01.488Z [Modules] Streaming discord_game_utils@1 to /home/Raymon/.config/discord/0.0.46/modules/pending/discord_game_utils-1.zip: 57%
2024-03-19T15:16:01.491Z [Modules] Streaming discord_game_utils@1 to /home/Raymon/.config/discord/0.0.46/modules/pending/discord_game_utils-1.zip: 63%
2024-03-19T15:16:01.494Z [Modules] Streaming discord_game_utils@1 to /home/Raymon/.config/discord/0.0.46/modules/pending/discord_game_utils-1.zip: 82%
2024-03-19T15:16:01.497Z [Modules] Streaming discord_game_utils@1 to /home/Raymon/.config/discord/0.0.46/modules/pending/discord_game_utils-1.zip: 84%
2024-03-19T15:16:01.499Z [Modules] Streaming discord_game_utils@1 to /home/Raymon/.config/discord/0.0.46/modules/pending/discord_game_utils-1.zip: 85%
2024-03-19T15:16:01.501Z [Modules] Streaming discord_game_utils@1 to /home/Raymon/.config/discord/0.0.46/modules/pending/discord_game_utils-1.zip: 86%
2024-03-19T15:16:01.505Z [Modules] Streaming discord_game_utils@1 to /home/Raymon/.config/discord/0.0.46/modules/pending/discord_game_utils-1.zip: 88%
2024-03-19T15:16:01.510Z [Modules] Streaming discord_game_utils@1 to /home/Raymon/.config/discord/0.0.46/modules/pending/discord_game_utils-1.zip: 89%
2024-03-19T15:16:01.515Z [Modules] Streaming discord_game_utils@1 to /home/Raymon/.config/discord/0.0.46/modules/pending/discord_game_utils-1.zip: 91%
2024-03-19T15:16:01.517Z [Modules] Streaming discord_game_utils@1 to /home/Raymon/.config/discord/0.0.46/modules/pending/discord_game_utils-1.zip: 93%
2024-03-19T15:16:01.529Z [Modules] Streaming discord_game_utils@1 to /home/Raymon/.config/discord/0.0.46/modules/pending/discord_game_utils-1.zip: 95%
2024-03-19T15:16:01.530Z [Modules] Streaming discord_game_utils@1 to /home/Raymon/.config/discord/0.0.46/modules/pending/discord_game_utils-1.zip: 97%
2024-03-19T15:16:01.533Z [Modules] Streaming discord_game_utils@1 to /home/Raymon/.config/discord/0.0.46/modules/pending/discord_game_utils-1.zip: 100%
2024-03-19T15:16:01.534Z [Modules] Fetching discord_rpc@1 from https://discord.com/api/modules/stable/discord_rpc/1
2024-03-19T15:16:01.534Z [Modules] Streaming discord_rpc@1 to /home/Raymon/.config/discord/0.0.46/modules/pending/discord_rpc-1.zip
2024-03-19T15:16:01.783Z [Modules] Streaming discord_rpc@1 to /home/Raymon/.config/discord/0.0.46/modules/pending/discord_rpc-1.zip: 100%
2024-03-19T15:16:01.786Z [Modules] Finished module downloads. [success: 3] [failure: 0]
2024-03-19T15:16:02.248Z [Modules] Installing discord_game_utils@1 from /home/Raymon/.config/discord/0.0.46/modules/pending/discord_game_utils-1.zip
2024-03-19T15:16:02.412Z [Modules] Installing discord_rpc@1 from /home/Raymon/.config/discord/0.0.46/modules/pending/discord_rpc-1.zip
2024-03-19T15:16:02.461Z [Modules] Finished module installations. [success: 3] [failure: 0]
